2021-05-17 15:51:25,617 - CPUUtilization.Percent:0.0|#Level:Host|#hostname:pc,timestamp:1621237885
2021-05-17 15:51:25,617 - DiskAvailable.Gigabytes:41.921836853027344|#Level:Host|#hostname:pc,timestamp:1621237885
2021-05-17 15:51:25,617 - DiskUsage.Gigabytes:46.66456985473633|#Level:Host|#hostname:pc,timestamp:1621237885
2021-05-17 15:51:25,617 - DiskUtilization.Percent:52.7|#Level:Host|#hostname:pc,timestamp:1621237885
2021-05-17 15:51:25,618 - MemoryAvailable.Megabytes:4036.66015625|#Level:Host|#hostname:pc,timestamp:1621237885
2021-05-17 15:51:25,618 - MemoryUsed.Megabytes:3360.453125|#Level:Host|#hostname:pc,timestamp:1621237885
2021-05-17 15:51:25,618 - MemoryUtilization.Percent:48.0|#Level:Host|#hostname:pc,timestamp:1621237885
2021-05-17 15:51:28,149 - W-9000-efficientnet-b1_1.0.ms:2851|#Level:Host|#hostname:pc,timestamp:1621237888
2021-05-17 15:51:28,150 - WorkerThreadTime.ms:24|#Level:Host|#hostname:pc,timestamp:null
2021-05-17 15:51:41,070 - Requests2XX.Count:1|#Level:Host|#hostname:pc,timestamp:null
2021-05-17 15:51:41,070 - QueueTime.ms:0|#Level:Host|#hostname:pc,timestamp:null
2021-05-17 15:51:41,070 - WorkerThreadTime.ms:3|#Level:Host|#hostname:pc,timestamp:null
2021-05-17 15:52:25,632 - CPUUtilization.Percent:0.0|#Level:Host|#hostname:pc,timestamp:1621237945
2021-05-17 15:52:25,632 - DiskAvailable.Gigabytes:41.92167282104492|#Level:Host|#hostname:pc,timestamp:1621237945
2021-05-17 15:52:25,632 - DiskUsage.Gigabytes:46.66473388671875|#Level:Host|#hostname:pc,timestamp:1621237945
2021-05-17 15:52:25,633 - DiskUtilization.Percent:52.7|#Level:Host|#hostname:pc,timestamp:1621237945
2021-05-17 15:52:25,633 - MemoryAvailable.Megabytes:2146.5|#Level:Host|#hostname:pc,timestamp:1621237945
2021-05-17 15:52:25,633 - MemoryUsed.Megabytes:5189.22265625|#Level:Host|#hostname:pc,timestamp:1621237945
2021-05-17 15:52:25,633 - MemoryUtilization.Percent:72.3|#Level:Host|#hostname:pc,timestamp:1621237945
2021-05-17 15:53:18,934 - Requests2XX.Count:1|#Level:Host|#hostname:pc,timestamp:null
2021-05-17 15:53:18,934 - QueueTime.ms:0|#Level:Host|#hostname:pc,timestamp:null
2021-05-17 15:53:18,934 - WorkerThreadTime.ms:0|#Level:Host|#hostname:pc,timestamp:null
2021-05-17 15:53:25,626 - CPUUtilization.Percent:0.0|#Level:Host|#hostname:pc,timestamp:1621238005
2021-05-17 15:53:25,626 - DiskAvailable.Gigabytes:41.91439437866211|#Level:Host|#hostname:pc,timestamp:1621238005
2021-05-17 15:53:25,626 - DiskUsage.Gigabytes:46.67201232910156|#Level:Host|#hostname:pc,timestamp:1621238005
2021-05-17 15:53:25,627 - DiskUtilization.Percent:52.7|#Level:Host|#hostname:pc,timestamp:1621238005
2021-05-17 15:53:25,627 - MemoryAvailable.Megabytes:2070.30078125|#Level:Host|#hostname:pc,timestamp:1621238005
2021-05-17 15:53:25,627 - MemoryUsed.Megabytes:5215.05078125|#Level:Host|#hostname:pc,timestamp:1621238005
2021-05-17 15:53:25,627 - MemoryUtilization.Percent:73.3|#Level:Host|#hostname:pc,timestamp:1621238005
2021-05-17 15:54:25,623 - CPUUtilization.Percent:0.0|#Level:Host|#hostname:pc,timestamp:1621238065
2021-05-17 15:54:25,623 - DiskAvailable.Gigabytes:41.912879943847656|#Level:Host|#hostname:pc,timestamp:1621238065
2021-05-17 15:54:25,623 - DiskUsage.Gigabytes:46.673526763916016|#Level:Host|#hostname:pc,timestamp:1621238065
2021-05-17 15:54:25,623 - DiskUtilization.Percent:52.7|#Level:Host|#hostname:pc,timestamp:1621238065
2021-05-17 15:54:25,623 - MemoryAvailable.Megabytes:2124.34765625|#Level:Host|#hostname:pc,timestamp:1621238065
2021-05-17 15:54:25,623 - MemoryUsed.Megabytes:5202.68359375|#Level:Host|#hostname:pc,timestamp:1621238065
2021-05-17 15:54:25,623 - MemoryUtilization.Percent:72.6|#Level:Host|#hostname:pc,timestamp:1621238065
2021-05-17 15:55:25,615 - CPUUtilization.Percent:0.0|#Level:Host|#hostname:pc,timestamp:1621238125
2021-05-17 15:55:25,615 - DiskAvailable.Gigabytes:41.912818908691406|#Level:Host|#hostname:pc,timestamp:1621238125
2021-05-17 15:55:25,615 - DiskUsage.Gigabytes:46.673587799072266|#Level:Host|#hostname:pc,timestamp:1621238125
2021-05-17 15:55:25,615 - DiskUtilization.Percent:52.7|#Level:Host|#hostname:pc,timestamp:1621238125
2021-05-17 15:55:25,615 - MemoryAvailable.Megabytes:2118.28125|#Level:Host|#hostname:pc,timestamp:1621238125
2021-05-17 15:55:25,616 - MemoryUsed.Megabytes:5211.6171875|#Level:Host|#hostname:pc,timestamp:1621238125
2021-05-17 15:55:25,616 - MemoryUtilization.Percent:72.7|#Level:Host|#hostname:pc,timestamp:1621238125
2021-05-17 15:56:25,624 - CPUUtilization.Percent:0.0|#Level:Host|#hostname:pc,timestamp:1621238185
2021-05-17 15:56:25,625 - DiskAvailable.Gigabytes:41.91127014160156|#Level:Host|#hostname:pc,timestamp:1621238185
2021-05-17 15:56:25,625 - DiskUsage.Gigabytes:46.67513656616211|#Level:Host|#hostname:pc,timestamp:1621238185
2021-05-17 15:56:25,625 - DiskUtilization.Percent:52.7|#Level:Host|#hostname:pc,timestamp:1621238185
2021-05-17 15:56:25,625 - MemoryAvailable.Megabytes:2022.16796875|#Level:Host|#hostname:pc,timestamp:1621238185
2021-05-17 15:56:25,625 - MemoryUsed.Megabytes:5259.62109375|#Level:Host|#hostname:pc,timestamp:1621238185
2021-05-17 15:56:25,625 - MemoryUtilization.Percent:73.9|#Level:Host|#hostname:pc,timestamp:1621238185
2021-05-17 15:57:25,622 - CPUUtilization.Percent:0.0|#Level:Host|#hostname:pc,timestamp:1621238245
2021-05-17 15:57:25,622 - DiskAvailable.Gigabytes:41.906803131103516|#Level:Host|#hostname:pc,timestamp:1621238245
2021-05-17 15:57:25,622 - DiskUsage.Gigabytes:46.679603576660156|#Level:Host|#hostname:pc,timestamp:1621238245
2021-05-17 15:57:25,622 - DiskUtilization.Percent:52.7|#Level:Host|#hostname:pc,timestamp:1621238245
2021-05-17 15:57:25,623 - MemoryAvailable.Megabytes:2132.5859375|#Level:Host|#hostname:pc,timestamp:1621238245
2021-05-17 15:57:25,623 - MemoryUsed.Megabytes:5212.33203125|#Level:Host|#hostname:pc,timestamp:1621238245
2021-05-17 15:57:25,623 - MemoryUtilization.Percent:72.5|#Level:Host|#hostname:pc,timestamp:1621238245
2021-05-17 15:58:25,624 - CPUUtilization.Percent:0.0|#Level:Host|#hostname:pc,timestamp:1621238305
2021-05-17 15:58:25,625 - DiskAvailable.Gigabytes:41.906673431396484|#Level:Host|#hostname:pc,timestamp:1621238305
2021-05-17 15:58:25,625 - DiskUsage.Gigabytes:46.67973327636719|#Level:Host|#hostname:pc,timestamp:1621238305
2021-05-17 15:58:25,625 - DiskUtilization.Percent:52.7|#Level:Host|#hostname:pc,timestamp:1621238305
2021-05-17 15:58:25,625 - MemoryAvailable.Megabytes:2116.30859375|#Level:Host|#hostname:pc,timestamp:1621238305
2021-05-17 15:58:25,625 - MemoryUsed.Megabytes:5230.51171875|#Level:Host|#hostname:pc,timestamp:1621238305
2021-05-17 15:58:25,625 - MemoryUtilization.Percent:72.7|#Level:Host|#hostname:pc,timestamp:1621238305
2021-05-17 15:59:25,612 - CPUUtilization.Percent:0.0|#Level:Host|#hostname:pc,timestamp:1621238365
2021-05-17 15:59:25,613 - DiskAvailable.Gigabytes:41.90666198730469|#Level:Host|#hostname:pc,timestamp:1621238365
2021-05-17 15:59:25,613 - DiskUsage.Gigabytes:46.679744720458984|#Level:Host|#hostname:pc,timestamp:1621238365
2021-05-17 15:59:25,613 - DiskUtilization.Percent:52.7|#Level:Host|#hostname:pc,timestamp:1621238365
2021-05-17 15:59:25,613 - MemoryAvailable.Megabytes:2122.5390625|#Level:Host|#hostname:pc,timestamp:1621238365
2021-05-17 15:59:25,613 - MemoryUsed.Megabytes:5227.9140625|#Level:Host|#hostname:pc,timestamp:1621238365
2021-05-17 15:59:25,613 - MemoryUtilization.Percent:72.6|#Level:Host|#hostname:pc,timestamp:1621238365
2021-05-17 16:00:25,622 - CPUUtilization.Percent:0.0|#Level:Host|#hostname:pc,timestamp:1621238425
2021-05-17 16:00:25,622 - DiskAvailable.Gigabytes:41.90644073486328|#Level:Host|#hostname:pc,timestamp:1621238425
2021-05-17 16:00:25,622 - DiskUsage.Gigabytes:46.67996597290039|#Level:Host|#hostname:pc,timestamp:1621238425
2021-05-17 16:00:25,622 - DiskUtilization.Percent:52.7|#Level:Host|#hostname:pc,timestamp:1621238425
2021-05-17 16:00:25,623 - MemoryAvailable.Megabytes:2073.08984375|#Level:Host|#hostname:pc,timestamp:1621238425
2021-05-17 16:00:25,623 - MemoryUsed.Megabytes:5270.37890625|#Level:Host|#hostname:pc,timestamp:1621238425
2021-05-17 16:00:25,623 - MemoryUtilization.Percent:73.3|#Level:Host|#hostname:pc,timestamp:1621238425
2021-05-17 16:01:25,620 - CPUUtilization.Percent:0.0|#Level:Host|#hostname:pc,timestamp:1621238485
2021-05-17 16:01:25,620 - DiskAvailable.Gigabytes:41.90644454956055|#Level:Host|#hostname:pc,timestamp:1621238485
2021-05-17 16:01:25,620 - DiskUsage.Gigabytes:46.679962158203125|#Level:Host|#hostname:pc,timestamp:1621238485
2021-05-17 16:01:25,620 - DiskUtilization.Percent:52.7|#Level:Host|#hostname:pc,timestamp:1621238485
2021-05-17 16:01:25,620 - MemoryAvailable.Megabytes:2090.4140625|#Level:Host|#hostname:pc,timestamp:1621238485
2021-05-17 16:01:25,621 - MemoryUsed.Megabytes:5255.90234375|#Level:Host|#hostname:pc,timestamp:1621238485
2021-05-17 16:01:25,621 - MemoryUtilization.Percent:73.0|#Level:Host|#hostname:pc,timestamp:1621238485
2021-05-17 16:02:25,052 - CPUUtilization.Percent:0.0|#Level:Host|#hostname:pc,timestamp:1621238545
2021-05-17 16:02:25,053 - DiskAvailable.Gigabytes:41.90644836425781|#Level:Host|#hostname:pc,timestamp:1621238545
2021-05-17 16:02:25,053 - DiskUsage.Gigabytes:46.67995834350586|#Level:Host|#hostname:pc,timestamp:1621238545
2021-05-17 16:02:25,053 - DiskUtilization.Percent:52.7|#Level:Host|#hostname:pc,timestamp:1621238545
2021-05-17 16:02:25,053 - MemoryAvailable.Megabytes:3910.75|#Level:Host|#hostname:pc,timestamp:1621238545
2021-05-17 16:02:25,053 - MemoryUsed.Megabytes:3469.10546875|#Level:Host|#hostname:pc,timestamp:1621238545
2021-05-17 16:02:25,053 - MemoryUtilization.Percent:49.6|#Level:Host|#hostname:pc,timestamp:1621238545
2021-05-17 16:02:27,619 - W-9000-efficientnet-b1_1.0.ms:2888|#Level:Host|#hostname:pc,timestamp:1621238547
2021-05-17 16:02:27,620 - WorkerThreadTime.ms:38|#Level:Host|#hostname:pc,timestamp:null
2021-05-17 16:02:28,908 - Requests2XX.Count:1|#Level:Host|#hostname:pc,timestamp:null
2021-05-17 16:02:28,909 - QueueTime.ms:0|#Level:Host|#hostname:pc,timestamp:null
2021-05-17 16:02:28,909 - WorkerThreadTime.ms:3|#Level:Host|#hostname:pc,timestamp:null
2021-05-17 16:03:25,057 - CPUUtilization.Percent:0.0|#Level:Host|#hostname:pc,timestamp:1621238605
2021-05-17 16:03:25,057 - DiskAvailable.Gigabytes:41.90640640258789|#Level:Host|#hostname:pc,timestamp:1621238605
2021-05-17 16:03:25,057 - DiskUsage.Gigabytes:46.68000030517578|#Level:Host|#hostname:pc,timestamp:1621238605
2021-05-17 16:03:25,058 - DiskUtilization.Percent:52.7|#Level:Host|#hostname:pc,timestamp:1621238605
2021-05-17 16:03:25,058 - MemoryAvailable.Megabytes:2121.7421875|#Level:Host|#hostname:pc,timestamp:1621238605
2021-05-17 16:03:25,058 - MemoryUsed.Megabytes:5257.8671875|#Level:Host|#hostname:pc,timestamp:1621238605
2021-05-17 16:03:25,058 - MemoryUtilization.Percent:72.6|#Level:Host|#hostname:pc,timestamp:1621238605
2021-05-17 16:04:25,058 - CPUUtilization.Percent:0.0|#Level:Host|#hostname:pc,timestamp:1621238665
2021-05-17 16:04:25,058 - DiskAvailable.Gigabytes:41.906105041503906|#Level:Host|#hostname:pc,timestamp:1621238665
2021-05-17 16:04:25,058 - DiskUsage.Gigabytes:46.680301666259766|#Level:Host|#hostname:pc,timestamp:1621238665
2021-05-17 16:04:25,058 - DiskUtilization.Percent:52.7|#Level:Host|#hostname:pc,timestamp:1621238665
2021-05-17 16:04:25,058 - MemoryAvailable.Megabytes:2125.1171875|#Level:Host|#hostname:pc,timestamp:1621238665
2021-05-17 16:04:25,059 - MemoryUsed.Megabytes:5257.78125|#Level:Host|#hostname:pc,timestamp:1621238665
2021-05-17 16:04:25,059 - MemoryUtilization.Percent:72.6|#Level:Host|#hostname:pc,timestamp:1621238665
2021-05-17 16:05:25,055 - CPUUtilization.Percent:0.0|#Level:Host|#hostname:pc,timestamp:1621238725
2021-05-17 16:05:25,056 - DiskAvailable.Gigabytes:41.905517578125|#Level:Host|#hostname:pc,timestamp:1621238725
2021-05-17 16:05:25,056 - DiskUsage.Gigabytes:46.68088912963867|#Level:Host|#hostname:pc,timestamp:1621238725
2021-05-17 16:05:25,056 - DiskUtilization.Percent:52.7|#Level:Host|#hostname:pc,timestamp:1621238725
2021-05-17 16:05:25,056 - MemoryAvailable.Megabytes:2127.28125|#Level:Host|#hostname:pc,timestamp:1621238725
2021-05-17 16:05:25,056 - MemoryUsed.Megabytes:5255.66015625|#Level:Host|#hostname:pc,timestamp:1621238725
2021-05-17 16:05:25,056 - MemoryUtilization.Percent:72.6|#Level:Host|#hostname:pc,timestamp:1621238725
2021-05-17 16:06:25,054 - CPUUtilization.Percent:0.0|#Level:Host|#hostname:pc,timestamp:1621238785
2021-05-17 16:06:25,054 - DiskAvailable.Gigabytes:41.9055290222168|#Level:Host|#hostname:pc,timestamp:1621238785
2021-05-17 16:06:25,054 - DiskUsage.Gigabytes:46.680877685546875|#Level:Host|#hostname:pc,timestamp:1621238785
2021-05-17 16:06:25,054 - DiskUtilization.Percent:52.7|#Level:Host|#hostname:pc,timestamp:1621238785
2021-05-17 16:06:25,054 - MemoryAvailable.Megabytes:2126.31640625|#Level:Host|#hostname:pc,timestamp:1621238785
2021-05-17 16:06:25,055 - MemoryUsed.Megabytes:5260.28515625|#Level:Host|#hostname:pc,timestamp:1621238785
2021-05-17 16:06:25,055 - MemoryUtilization.Percent:72.6|#Level:Host|#hostname:pc,timestamp:1621238785
2021-05-17 16:07:25,055 - CPUUtilization.Percent:0.0|#Level:Host|#hostname:pc,timestamp:1621238845
2021-05-17 16:07:25,055 - DiskAvailable.Gigabytes:41.90517807006836|#Level:Host|#hostname:pc,timestamp:1621238845
2021-05-17 16:07:25,056 - DiskUsage.Gigabytes:46.68122863769531|#Level:Host|#hostname:pc,timestamp:1621238845
2021-05-17 16:07:25,056 - DiskUtilization.Percent:52.7|#Level:Host|#hostname:pc,timestamp:1621238845
2021-05-17 16:07:25,056 - MemoryAvailable.Megabytes:2125.9609375|#Level:Host|#hostname:pc,timestamp:1621238845
2021-05-17 16:07:25,056 - MemoryUsed.Megabytes:5260.83203125|#Level:Host|#hostname:pc,timestamp:1621238845
2021-05-17 16:07:25,056 - MemoryUtilization.Percent:72.6|#Level:Host|#hostname:pc,timestamp:1621238845
